Pseudo-terminal will not be allocated because stdin is not a terminal.
Node 0
2025-06-06 14:21:02,594	INFO scripts.py:1186 -- Did not find any active Ray processes.
2025-06-06 14:21:04,483	INFO usage_lib.py:472 -- Usage stats collection is enabled. To disable this, add `--disable-usage-stats` to the command that starts the cluster, or run the following command: `ray disable-usage-stats` before starting the cluster. See https://docs.ray.io/en/master/cluster/usage-stats.html for more details.
2025-06-06 14:21:04,483	INFO scripts.py:767 -- [37mLocal node IP[39m: [1m10.31.143.47[22m
2025-06-06 14:21:07,729	SUCC scripts.py:804 -- [32m--------------------[39m
2025-06-06 14:21:07,729	SUCC scripts.py:805 -- [32mRay runtime started.[39m
2025-06-06 14:21:07,729	SUCC scripts.py:806 -- [32m--------------------[39m
2025-06-06 14:21:07,729	INFO scripts.py:808 -- [36mNext steps[39m
2025-06-06 14:21:07,729	INFO scripts.py:811 -- To add another node to this Ray cluster, run
2025-06-06 14:21:07,729	INFO scripts.py:814 -- [1m  ray start --address='10.31.143.47:6379'[22m
2025-06-06 14:21:07,729	INFO scripts.py:823 -- To connect to this Ray cluster:
2025-06-06 14:21:07,730	INFO scripts.py:825 -- [35mimport[39m[26m ray
2025-06-06 14:21:07,730	INFO scripts.py:826 -- ray[35m.[39m[26minit()
2025-06-06 14:21:07,730	INFO scripts.py:838 -- To submit a Ray job using the Ray Jobs CLI:
2025-06-06 14:21:07,730	INFO scripts.py:839 -- [1m  RAY_ADDRESS='http://127.0.0.1:8265' ray job submit --working-dir . -- python my_script.py[22m
2025-06-06 14:21:07,730	INFO scripts.py:848 -- See https://docs.ray.io/en/latest/cluster/running-applications/job-submission/index.html 
2025-06-06 14:21:07,730	INFO scripts.py:852 -- for more information on submitting Ray jobs to the Ray cluster.
2025-06-06 14:21:07,730	INFO scripts.py:857 -- To terminate the Ray runtime, run
2025-06-06 14:21:07,730	INFO scripts.py:858 -- [1m  ray stop[22m
2025-06-06 14:21:07,730	INFO scripts.py:861 -- To view the status of the cluster, use
2025-06-06 14:21:07,730	INFO scripts.py:862 --   [1mray status[22m[26m
2025-06-06 14:21:07,730	INFO scripts.py:866 -- To monitor and debug Ray, view the dashboard at 
2025-06-06 14:21:07,730	INFO scripts.py:867 --   [1m127.0.0.1:8265[22m[26m
2025-06-06 14:21:07,730	INFO scripts.py:874 -- [4mIf connection to the dashboard fails, check your firewall settings and network configuration.[24m
==============================
Starting Round 0
Generating data with model: /n/netscratch/amin_lab/Lab/slim/STP/storage/SFT/tsw6rwex/step-229
Experiment Directory: /n/netscratch/amin_lab/Lab/slim/STP/storage/STP_LeanWorkbook_merged/round0
Seed: 0
==============================
slurmstepd: error: *** JOB 18281345 ON holygpu7c26202 CANCELLED AT 2025-06-06T14:21:39 ***
